<?xml version="1.0" encoding="UTF-8"?>
<!-- Generated by org.testng.reporters.JUnitReportReporter -->
<testsuite hostname="LAPTOP-VO375OQQ" failures="0" tests="2" name="SumaAcademy.PraticePro.WebAuto" time="13.494" errors="0" timestamp="2025-03-31T20:53:18 IST" skipped="0">
  <testcase classname="SumaAcademy.PraticePro.WebAuto" name="invokeBro" time="13.196"/>
  <testcase classname="SumaAcademy.PraticePro.WebAuto" name="loginPage" time="0.298"/>
</testsuite> <!-- SumaAcademy.PraticePro.WebAuto -->
