<?xml version="1.0" encoding="UTF-8"?>
<!-- Generated by org.testng.reporters.JUnitReportReporter -->
<testsuite hostname="LAPTOP-VO375OQQ" failures="0" tests="1" name="SumaAutomation.WebTesting.TestngPro" time="10.077" errors="0" timestamp="2025-03-31T00:06:26 IST" skipped="0">
  <testcase classname="SumaAutomation.WebTesting.TestngPro" name="setup" time="10.077"/>
</testsuite> <!-- SumaAutomation.WebTesting.TestngPro -->
