<?xml version="1.0" encoding="UTF-8"?>
<!-- Generated by org.testng.reporters.JUnitReportReporter -->
<testsuite hostname="LAPTOP-VO375OQQ" failures="0" tests="2" name="SumaAcademy.PraticePro.WebAuto" time="16.605" errors="0" timestamp="2025-03-31T20:54:04 IST" skipped="0">
  <testcase classname="SumaAcademy.PraticePro.WebAuto" name="invokeBro" time="16.208"/>
  <testcase classname="SumaAcademy.PraticePro.WebAuto" name="loginPage" time="0.397"/>
</testsuite> <!-- SumaAcademy.PraticePro.WebAuto -->
