<?xml version="1.0" encoding="UTF-8"?>
<!-- Generated by org.testng.reporters.JUnitReportReporter -->
<testsuite hostname="LAPTOP-VO375OQQ" failures="0" tests="6" name="abc.Day2" time="0.023" errors="0" timestamp="2025-03-29T00:58:39 IST" skipped="0">
  <testcase classname="abc.Day2" name="TestCase2" time="0.002"/>
  <testcase classname="abc.Day2" name="forinclude" time="0.004"/>
  <testcase classname="abc.Day2" name="forexclude" time="0.005"/>
  <testcase classname="abc.Day2" name="forinclude1" time="0.004"/>
  <testcase classname="abc.Day2" name="TestCase1" time="0.005"/>
  <testcase classname="abc.Day2" name="forexclude1" time="0.003"/>
</testsuite> <!-- abc.Day2 -->
